[06:11:05] ===== 世界杯2026 每日更新 =====
[06:11:05] 获取最新赔率数据...
/Users/mac13/Library/Python/3.9/lib/python/site-packages/urllib3/__init__.py:35: NotOpenSSLWarning: urllib3 v2 only supports OpenSSL 1.1.1+, currently the 'ssl' module is compiled with 'LibreSSL 2.8.3'. See: https://github.com/urllib3/urllib3/issues/3020
  warnings.warn(
[2026-06-12 06:11:08,631] ==================================================
[2026-06-12 06:11:08,631] 获取实时赔率 (The Odds API)...
[2026-06-12 06:11:08,631] ==================================================
[2026-06-12 06:11:10,403] 获取到 71 场比赛赔率
[2026-06-12 06:11:10,420] 赔率已保存: 71 场比赛 (来自 32 家博彩公司)
[2026-06-12 06:11:11,295] 🏆🏆🏆🏆🏆🏆🏆🏆🏆🏆🏆🏆🏆🏆🏆🏆🏆🏆🏆🏆🏆🏆🏆🏆🏆🏆🏆🏆🏆🏆
[2026-06-12 06:11:11,295] 🏆  世界杯2026预测系统 v1.0
[2026-06-12 06:11:11,295] 🏆  运行时间: 2026-06-12 06:11:11
[2026-06-12 06:11:11,295] 🏆🏆🏆🏆🏆🏆🏆🏆🏆🏆🏆🏆🏆🏆🏆🏆🏆🏆🏆🏆🏆🏆🏆🏆🏆🏆🏆🏆🏆🏆
[2026-06-12 06:11:11,295] 
============================================================
[2026-06-12 06:11:11,296] 步骤 1/6: 数据采集
[2026-06-12 06:11:11,296] ============================================================
[2026-06-12 06:11:11,296] 数据缓存已存在
[2026-06-12 06:11:11,296] 
============================================================
[2026-06-12 06:11:11,296] 步骤 2/6: 特征工程
[2026-06-12 06:11:11,296] ============================================================
[2026-06-12 06:11:11,296] 特征矩阵已缓存
[2026-06-12 06:11:11,296] 
============================================================
[2026-06-12 06:11:11,296] 步骤 3/6: 模型训练与回测
[2026-06-12 06:11:11,296] ============================================================
[2026-06-12 06:11:11,296] 模型已存在 (如需重新训练请删除 models/ 目录)
Traceback (most recent call last):
  File "/Users/mac13/workspace/worldcup_predictor/main.py", line 254, in <module>
    run_pipeline()
  File "/Users/mac13/workspace/worldcup_predictor/main.py", line 226, in run_pipeline
    if not step_model_training():
  File "/Users/mac13/workspace/worldcup_predictor/main.py", line 85, in step_model_training
    feature_df = pickle.load(f)
  File "pandas/_libs/arrays.pyx", line 85, in pandas._libs.arrays.NDArrayBacked.__setstate__
  File "pandas/_libs/arrays.pyx", line 103, in pandas._libs.arrays.NDArrayBacked.__setstate__
NotImplementedError: (<StringDtype(storage='python', na_value=nan)>, array(['U', 'U', 'U', 'U', 'U', 'U', 'U', 'U', 'U', 'U', 'U', 'U', 'U',
       'U', 'U', 'U', 'U', 'U', 'U', 'U', 'U', 'U', 'U', 'U', 'U', 'U',
       'U', 'U', 'U', 'U', 'U', 'U', 'U', 'U', 'U', 'U', 'U', 'U', 'U',
       'U', 'U', 'U', 'U', 'U', 'U', 'U', 'U', 'U', 'U', 'U', 'U', 'U',
       'U', 'U', 'U', 'U', 'U', 'U', 'U', 'U', 'U', 'U', 'U', 'U', 'U',
       'U', 'U', 'U', 'U', 'U', 'U', 'U'], dtype=object))
[06:11:11] main.py 失败
[2026-06-12 06:11:12,086] ==================================================
[2026-06-12 06:11:12,086] 多智能体预测系统
[2026-06-12 06:11:12,087] ==================================================
Traceback (most recent call last):
  File "/Users/mac13/workspace/worldcup_predictor/agents.py", line 1065, in <module>
    results, leaderboard = generate_agent_predictions()
  File "/Users/mac13/workspace/worldcup_predictor/agents.py", line 858, in generate_agent_predictions
    predictions = pickle.load(open(pred_path, "rb"))
  File "pandas/_libs/arrays.pyx", line 85, in pandas._libs.arrays.NDArrayBacked.__setstate__
  File "pandas/_libs/arrays.pyx", line 103, in pandas._libs.arrays.NDArrayBacked.__setstate__
NotImplementedError: (<StringDtype(storage='python', na_value=nan)>, array(['2026-06-11', '2026-06-12', '2026-06-12', '2026-06-13',
       '2026-06-13', '2026-06-13', '2026-06-14', '2026-06-14',
       '2026-06-14', '2026-06-14', '2026-06-14', '2026-06-15',
       '2026-06-15', '2026-06-15', '2026-06-15', '2026-06-16',
       '2026-06-16', '2026-06-16', '2026-06-17', '2026-06-17',
       '2026-06-17', '2026-06-17', '2026-06-17', '2026-06-18',
       '2026-06-18', '2026-06-18', '2026-06-18', '2026-06-19',
       '2026-06-19', '2026-06-19', '2026-06-20', '2026-06-20',
       '2026-06-20', '2026-06-20', '2026-06-21', '2026-06-21',
       '2026-06-21', '2026-06-21', '2026-06-21', '2026-06-22',
       '2026-06-22', '2026-06-22', '2026-06-23', '2026-06-23',
       '2026-06-23', '2026-06-23', '2026-06-23', '2026-06-24',
       '2026-06-24', '2026-06-24', '2026-06-24', '2026-06-24',
       '2026-06-25', '2026-06-25', '2026-06-25', '2026-06-25',
       '2026-06-25', '2026-06-25', '2026-06-26', '2026-06-26',
       '2026-06-26', '2026-06-26', '2026-06-27', '2026-06-27',
       '2026-06-27', '2026-06-27', '2026-06-27', '2026-06-27',
       '2026-06-27', '2026-06-27', '2026-06-28', '2026-06-28'],
      dtype=object))
[06:11:12] agents.py 失败
Traceback (most recent call last):
  File "<string>", line 3, in <module>
  File "/Users/mac13/workspace/worldcup_predictor/visualizer.py", line 31, in load_all_data
    data["predictions"] = pickle.load(f)
  File "pandas/_libs/arrays.pyx", line 85, in pandas._libs.arrays.NDArrayBacked.__setstate__
  File "pandas/_libs/arrays.pyx", line 103, in pandas._libs.arrays.NDArrayBacked.__setstate__
NotImplementedError: (<StringDtype(storage='python', na_value=nan)>, array(['2026-06-11', '2026-06-12', '2026-06-12', '2026-06-13',
       '2026-06-13', '2026-06-13', '2026-06-14', '2026-06-14',
       '2026-06-14', '2026-06-14', '2026-06-14', '2026-06-15',
       '2026-06-15', '2026-06-15', '2026-06-15', '2026-06-16',
       '2026-06-16', '2026-06-16', '2026-06-17', '2026-06-17',
       '2026-06-17', '2026-06-17', '2026-06-17', '2026-06-18',
       '2026-06-18', '2026-06-18', '2026-06-18', '2026-06-19',
       '2026-06-19', '2026-06-19', '2026-06-20', '2026-06-20',
       '2026-06-20', '2026-06-20', '2026-06-21', '2026-06-21',
       '2026-06-21', '2026-06-21', '2026-06-21', '2026-06-22',
       '2026-06-22', '2026-06-22', '2026-06-23', '2026-06-23',
       '2026-06-23', '2026-06-23', '2026-06-23', '2026-06-24',
       '2026-06-24', '2026-06-24', '2026-06-24', '2026-06-24',
       '2026-06-25', '2026-06-25', '2026-06-25', '2026-06-25',
       '2026-06-25', '2026-06-25', '2026-06-26', '2026-06-26',
       '2026-06-26', '2026-06-26', '2026-06-27', '2026-06-27',
       '2026-06-27', '2026-06-27', '2026-06-27', '2026-06-27',
       '2026-06-27', '2026-06-27', '2026-06-28', '2026-06-28'],
      dtype=object))
